hash;problem;result;/raid/iser/log-glucose4/;/raid/iser/log-candy-halloween;/raid/iser/log-candy-halloween-lrb;/raid/iser/log-candy-deepfish;/raid/iser/log-candy-deepfish-lrb;/raid/iser/log-candy-jesus;/raid/iser/log-candy-buddha;/raid/iser/log-candy-buddha-no-sort-watches;/raid/iser/log-candy-adam;/raid/iser/log-candy-eva;/raid/iser/log-candy-eva-ts-ca;/raid/iser/log-candy-eva-ts-ca-pr;/raid/iser/log-candy-cain;/raid/iser/log-candy-cain-ts-ca;/raid/iser/log-horde-c2;/raid/iser/log-horde-c2-d0-e1
338bd899418ef1f199c5adba8da704d8;apn-sbox6-cut4-helpbox29.cnf;SAT;5000;5000;5000;5000;5000;4358;5000;5000;5000;5000;5000;5000;4891;5000;5000;-1
88b5a4a2f6e4971ba0f9e819ce62d7e2;exams0.04_2017_9.cnf;UNKNOWN;5000;5000;5000;5000;5000;5000;5000;5000;5000;5000;5000;5000;5000;5000;5000;-1
bac8324b89714d6f0b30962023b33c67;Karatsuba7654321x1234567.cnf;SAT;628;181;107;194;102;298;2213;1976;2193;2608;1691;361;2596;1830;136;-1
6dacf620c514b191a4f26fdfef9ca637;apn-sbox6-cut4-helpbox23.cnf;UNKNOWN;5000;5000;5000;5000;5000;5000;5000;5000;5000;5000;5000;5000;5000;5000;5000;-1
0b402294541ba988b00076369a0f3da8;ex175_18.cnf;UNKNOWN;5000;5000;5000;5000;5000;5000;5000;5000;5000;5000;5000;5000;5000;5000;5000;-1
b8382f1559a7a49240b36199e6919378;udiv48prop.cnf;UNKNOWN;5000;5000;5000;5000;5000;5000;5000;5000;5000;5000;5000;5000;5000;5000;5000;5000
36d43bb051c92e1a25f10c813b4effda;20180326_095804936_p_cnf_320_1120.cnf;UNKNOWN;5000;5000;5000;5000;5000;5000;5000;5000;5000;5000;5000;5000;5000;5000;5000;-1
7cf81c641d76f8a943772c0984d643ad;queen15_15.col.15.cnf;UNKNOWN;5000;5000;5000;5000;5000;5000;5000;5000;5000;5000;5000;5000;5000;5000;5000;-1
8f66b6c79b4396578587481ac30143c9;ecarev-110-4099-22-30-7.cnf;SAT;309;933;2617;891;2522;827;1016;848;906;766;976;1571;800;1005;941;-1
61ac0f84eeda08f32fb13fd5a50841a0;course0.12_2018_3_5.cnf;UNKNOWN;5000;5000;5000;5000;5000;5000;5000;5000;5000;5000;5000;5000;5000;5000;5000;-1
5e16e45caa832f33561d043ad0731a1b;sted5_0x0-70.cnf;UNKNOWN;5000;5000;5000;5000;5000;5000;5000;5000;5000;5000;5000;5000;5000;5000;5000;-1
7edb32763188f217f6081a8f6df5a4db;bx-d-4-7-8.cnf;UNKNOWN;5000;5000;5000;5000;5000;5000;5000;5000;5000;5000;5000;5000;5000;5000;5000;-1
11daeacf5cec4f02c18a09eebc1947a0;gto_p50c291.cnf;UNKNOWN;5000;5000;5000;5000;5000;5000;5000;5000;5000;5000;5000;5000;5000;5000;5000;-1
ed90361a416ebb0c142453a9d63c939e;satcoin-genesis-SAT-512.cnf;SAT;5000;147;153;138;135;147;5000;5000;5000;101;5000;5000;112;5000;155;-1
5cdb478391a0d55aec039610228a17b2;course0.12_2018_3_1.cnf;SAT;1407;3529;5000;3177;5000;5000;5000;2285;5000;4341;5000;4312;4516;5000;5000;-1
d9f086e06d3e97a9b02c8e083e35802d;commutativity3.c.cnf;UNKNOWN;5000;5000;5000;5000;5000;5000;5000;5000;5000;5000;5000;5000;5000;5000;5000;-1
766394514a0059dd86d3a368aa9d85e6;huck.col.11.cnf;UNSAT;237;100;132;100;120;89;148;331;148;145;98;316;148;102;121;-1
69994ca7f868e845fd73f6159c26ceba;TimetableCNFEncoding_9_UNKNOWN.cnf;UNKNOWN;5000;5000;5000;5000;5000;5000;5000;5000;5000;5000;5000;5000;5000;5000;5000;-1
e9341c4787d538d9617529691c8ae215;cms-scheel-md4-families-r24-c6-p0-5-10-11-17-18.cnf;UNSAT;3193;5000;437;5000;413;955;2653;5000;2543;5000;5000;5000;5000;5000;2378;-1
2db4c530b74240ee88e02f30073ed4d2;TimetableCNFEncoding_6_UNKNOWN.cnf;UNKNOWN;5000;5000;5000;5000;5000;5000;5000;5000;5000;5000;5000;5000;5000;5000;5000;-1
766f928fcfc6fdd9c612744be8ba7fa0;le450_25c.col.25.cnf;UNKNOWN;5000;5000;5000;5000;5000;5000;5000;5000;5000;5000;5000;5000;5000;5000;5000;-1
efba46f5576e04b2a00388714e85f9dd;course0.16_2018_3_5.cnf;UNKNOWN;5000;5000;5000;5000;5000;5000;5000;5000;5000;5000;5000;5000;5000;5000;5000;-1
881f787cbbd41dd9d07624520e3141e6;Cake_9_20.cnf;UNKNOWN;5000;5000;5000;5000;5000;5000;5000;5000;5000;5000;5000;5000;5000;5000;5000;-1
74078895ef3dfe584a24cf56d98f982b;cms-scheel-md4-families-r24-c8-p2-3-4-5-7-12-16-19.cnf;SAT;355;442;28;419;26;467;334;149;331;37;195;143;39;217;55;-1
aed010ba47a74337f591a4b870ba40f4;Nb51T6.cnf;UNSAT;4326;5000;5000;5000;5000;5000;5000;5000;5000;5000;5000;5000;5000;5000;5000;-1
c84f41c85ffc3c933f5099011f024ae3;apn-sbox6-cut4-helpbox28.cnf;SAT;5000;5000;5000;5000;5000;5000;435;5000;382;395;5000;5000;418;5000;2018;-1
23ac19f6a16fcb2f3ba66b360bbd4a20;course0.2_2018_3_5.cnf;SAT;1125;2131;2094;1377;1916;1898;2040;1842;2037;986;1851;2318;960;1999;1470;-1
9e5a535a058032df95cc8a6e94ecc190;20180321_140824282_p_cnf_320_1120.cnf;UNKNOWN;5000;5000;5000;5000;5000;5000;5000;5000;5000;5000;5000;5000;5000;5000;5000;-1
c77ecc87f2e2354472cee29904754ac6;ecarev-110-4099-22-30-4.cnf;SAT;413;1039;5000;973;4833;1590;1203;1253;1170;1148;1092;2589;1088;1221;1368;-1
08329843e2f3bb580caccd19045095b1;cms-scheel-md4-families-r24-c5-p1-8-9-16-19.cnf;UNSAT;2321;5000;5000;5000;5000;5000;5000;5000;5000;5000;5000;5000;5000;5000;5000;-1
e598b42639c8eb2ee9d5675c28377373;20180326_095801070_p_cnf_320_1120.cnf;UNKNOWN;5000;5000;5000;5000;5000;5000;5000;5000;5000;5000;5000;5000;5000;5000;5000;-1
49fffd54fedc17d79c2cbed4a3564ff9;a_rphp098_04.cnf;UNKNOWN;5000;5000;5000;5000;5000;5000;5000;5000;5000;5000;5000;5000;5000;5000;5000;-1
863e41e3a866cc65bbc0912ebef7684a;e_rphp096_04.cnf;UNKNOWN;5000;5000;5000;5000;5000;5000;5000;5000;5000;5000;5000;5000;5000;5000;5000;-1
b1c62c4de56ddbf79a136aa2ad4cf140;Nb8T60.cnf;UNKNOWN;5000;5000;5000;5000;5000;5000;5000;5000;5000;5000;5000;5000;5000;5000;5000;-1
5e24333564113f9ff5c41af056539265;20180326_095805836_p_cnf_320_1120.cnf;UNKNOWN;5000;5000;5000;5000;5000;5000;5000;5000;5000;5000;5000;5000;5000;5000;5000;-1
79511ceeafcb525d075d4b2bc67371ff;sdiv17prop.cnf;UNKNOWN;5000;5000;5000;5000;5000;5000;5000;5000;5000;5000;5000;5000;5000;5000;5000;-1
8f03368754c4e17c62094751c7a34142;mod8-bbd-zbd.rules.7-7.cnf;UNKNOWN;5000;5000;5000;5000;5000;5000;5000;5000;5000;5000;5000;5000;5000;5000;5000;-1
5b14f21d2b328042d37e4c36c4312ce4;CNP-5-800.cnf;SAT;3692;5000;512;5000;612;5000;5000;5000;5000;5000;5000;5000;5000;5000;2308;-1
cde7f41b87456c13d44ee607b8c8e2b6;T105.2.0.cnf;UNSAT;1149;5000;5000;3941;5000;4136;3755;3790;4040;3971;4000;1925;3842;4684;1813;-1
2512394bd90a6f8384a50638036668cd;20180322_164241842_p_cnf_320_1120.cnf;SAT;5000;5000;5000;5000;5000;4984;5000;4857;5000;5000;5000;5000;5000;5000;5000;-1
3136a18485a1cdb23cf47a20aaa5f98d;T125.2.0.cnf;UNSAT;723;4642;5000;3564;5000;3372;3310;3844;3257;3787;3804;1240;4077;4668;1581;-1
bd324a77cf9eaaa473fa77746145a200;ae_rphp055_04.cnf;UNSAT;344;618;5000;644;5000;642;614;716;623;605;663;1383;618;764;655;-1
fc349a14c3addeb4a74bdccddb1f57c6;apn-sbox6-cut5-helpbox23.cnf;UNKNOWN;5000;5000;5000;5000;5000;5000;5000;5000;5000;5000;5000;5000;5000;5000;5000;-1
ae83a0ba0284e1075b321e0ef9d9ecad;sqrt_Householder_pseudoconstant_true-unreach-call.c.cnf;UNKNOWN;5000;5000;5000;5000;5000;5000;5000;5000;5000;5000;5000;5000;5000;5000;5000;-1
f85522eb08740a59c36d87a25f6c4727;udiv45prop.cnf;UNKNOWN;5000;5000;5000;5000;5000;5000;5000;5000;5000;5000;5000;5000;5000;5000;5000;-1
8e8a0a88147ef4cc9b11512e07c97a73;le450_25b.col.25.cnf;UNKNOWN;5000;5000;5000;5000;5000;5000;5000;5000;5000;5000;5000;5000;5000;5000;5000;-1
eb654c4fe48ca9f779d45b0d3cb0ba25;satcoin-genesis-SAT-7.cnf;SAT;5000;6;6;6;5;6;5;5;6;5;6;51;5;5;6;-1
e439d3355ed568931d3d888423cf2018;20180322_164245263_p_cnf_320_1120.cnf;UNKNOWN;5000;5000;5000;5000;5000;5000;5000;5000;5000;5000;5000;5000;5000;5000;5000;-1
9de543bb0f07aa8727681a9c492904ea;by-alt-5-7.cnf;UNKNOWN;5000;5000;5000;5000;5000;5000;5000;5000;5000;5000;5000;5000;5000;5000;5000;-1
59d5a771ced4e825d594bd7f17c82728;ecarev-110-1031-23-40-5.cnf;SAT;313;1261;5000;1261;5000;1107;662;859;634;1184;687;1661;1239;768;1088;-1
607818e0869aa0bd25e2b80864fc70de;ecarev-110-4099-22-30-2.cnf;SAT;340;962;4776;961;4656;906;932;837;947;939;793;1462;893;854;1164;-1
41feeaca1f4696f246b789ebb22a85c9;20180322_164226661_p_cnf_320_1120.cnf;SAT;5000;5000;5000;5000;5000;4167;5000;5000;5000;5000;5000;5000;5000;5000;5000;-1
fc69a63136ce851eb88dddba283ce11d;by-X-2-7-100.cnf;UNSAT;1554;5000;5000;5000;5000;5000;5000;5000;5000;5000;5000;5000;5000;5000;5000;-1
2aeb5a29f7c8ec261391b530ac8989a1;mod8-abd-yad.rules.7-7.cnf;SAT;51;583;5000;468;5000;457;473;836;398;455;419;281;408;472;177;-1
f1d7d4f070a8a89dc0a99b212d0dc789;le450_25a.col.25.cnf;UNKNOWN;5000;5000;5000;5000;5000;5000;5000;5000;5000;5000;5000;5000;5000;5000;5000;-1
d09bec8fe2d36f0430f2e8f9c773ee34;9-4-9.cnf;UNKNOWN;5000;5000;5000;5000;5000;5000;5000;5000;5000;5000;5000;5000;5000;5000;5000;-1
2daf1f5ebdbce70af1c7461d4569cd9e;si2-m4Dr2-m256-08.cnf;SAT;1501;5000;5000;5000;5000;5000;5000;5000;5000;5000;5000;5000;5000;5000;19;-1
e691a98fd8eff914aa3ef4cf1c867d05;assoc_mult_err_3.c.cnf;UNSAT;5000;183;1976;155;1834;116;147;116;132;179;145;5000;175;149;1574;-1
7a02ae4bc1325839e505336bdf998a27;factoring39916801x54018521.cnf;SAT;2042;5000;5000;5000;5000;5000;107;5000;108;102;5000;5000;100;5000;5000;-1
1f370a076f64bd38975a868cfadf07a6;ecarev-110-1031-23-40-1.cnf;SAT;399;996;5000;1094;5000;1296;1166;1326;1249;1020;1044;1928;1039;1084;1082;-1
a2ba3b5e94653a7e0196807da52668b2;gto_p50c345.cnf;UNKNOWN;5000;5000;5000;5000;5000;5000;5000;5000;5000;5000;5000;5000;5000;5000;5000;-1
f7319383693fa098b3aeb4db6a16ae74;TimetableCNFEncoding_8_UNKNOWN.cnf;UNKNOWN;5000;5000;5000;5000;5000;5000;5000;5000;5000;5000;5000;5000;5000;5000;5000;-1
beed811472857d3948a9215e0b61aaff;si2-b03m-m400-03.cnf;SAT;128;118;117;118;128;122;128;123;113;124;116;133;115;117;4;-1
c6a1618a07e5e4da34718e7c208fd9d6;sdiv25prop.cnf;UNKNOWN;5000;5000;5000;5000;5000;5000;5000;5000;5000;5000;5000;5000;5000;5000;5000;-1
fab0d984226b76d7b62ef603b94f14b6;apn-sbox6-cut4-helpbox26.cnf;UNKNOWN;5000;5000;5000;5000;5000;5000;5000;5000;5000;5000;5000;5000;5000;5000;5000;-1
cc5710fe689b54ca2998fcac96f72f2b;mchess_15.cnf;UNSAT;333;622;1276;613;1311;4521;389;472;412;378;297;3528;377;317;477;-1
4742a4d631a7e08ca6237d586ca1261b;udiv40prop.cnf;UNSAT;2503;5000;5000;5000;5000;5000;5000;5000;5000;5000;5000;5000;5000;5000;5000;-1
0239ecf2de8b9a455d3545d4abb42a56;TimetableCNFEncoding_17_UNKNOWN.cnf;UNKNOWN;5000;5000;5000;5000;5000;5000;5000;5000;5000;5000;5000;5000;5000;5000;5000;-1
06315e6a25846cdfecaf8c8c5967f0a2;gto_p50c312.cnf;UNKNOWN;5000;5000;5000;5000;5000;5000;5000;5000;5000;5000;5000;5000;5000;5000;5000;-1
607c7ba05d760453c2837fb35752b5fb;gto_p60c238.cnf;UNSAT;2008;1314;1998;1267;2021;1635;1804;2297;1812;1839;1852;2615;1712;1921;1181;-1
4f01b063b769f06e0852f5b9ad74af55;Nb8T62.cnf;UNKNOWN;5000;5000;5000;5000;5000;5000;5000;5000;5000;5000;5000;5000;5000;5000;5000;-1
a112f43d5d49b9d70e828a5dfb773935;20180321_110704973_p_cnf_320_1120.cnf;UNKNOWN;5000;5000;5000;5000;5000;5000;5000;5000;5000;5000;5000;5000;5000;5000;5000;-1
8f3815e16b07b7599ae1eb3e3f0619d8;TimetableCNFEncoding_10_UNKNOWN.cnf;UNKNOWN;5000;5000;5000;5000;5000;5000;5000;5000;5000;5000;5000;5000;5000;5000;5000;-1
4c8fb8dc5060e6f41d1cd7d6d1db9238;le450_15a.col.15.cnf;UNKNOWN;5000;5000;5000;5000;5000;5000;5000;5000;5000;5000;5000;5000;5000;5000;5000;-1
c7f48617a74db807ad7ad5e5bcb55f82;6-5-6.cnf;UNKNOWN;5000;5000;5000;5000;5000;5000;5000;5000;5000;5000;5000;5000;5000;5000;5000;-1
2d5bc532f8f878bcc37e4eecf8e44cc6;course_flat_0.12_2018_3.cnf;UNKNOWN;5000;5000;5000;5000;5000;5000;5000;5000;5000;5000;5000;5000;5000;5000;5000;5000
f3cae014c3c40489dd016ab36a67fe36;20180321_110706599_p_cnf_320_1120.cnf;SAT;5000;30;5000;29;5000;5000;5000;5000;5000;5000;5000;5000;5000;5000;236;-1
4d46cc879b58f124790e9d10485b18f5;sted1_0x0-350.cnf;UNKNOWN;5000;5000;5000;5000;5000;5000;5000;5000;5000;5000;5000;5000;5000;5000;5000;-1
2c01ab2cbcd13cc7da1ae062ffd242a5;gto_p60c243.cnf;UNSAT;437;494;905;499;907;600;537;500;555;517;509;1300;561;584;716;-1
3619e22a7b3f966f9b4a10506fb10efb;sted1_0x24204-330.cnf;SAT;359;553;1617;486;1565;495;481;525;447;449;552;1205;455;621;285;-1
9c73cdf974586f965a292616f7ea3cd4;Nb37T6.cnf;UNSAT;1317;4593;5000;3761;5000;4784;4016;3681;3956;4164;3931;2353;3789;4257;5000;-1
021555a418f4af42a0c51239f9121edd;dist7.c.cnf;UNSAT;392;475;2134;451;2068;472;481;447;497;444;487;1193;427;490;5000;-1
d44a5a1b9412ea5232a61dc2a6fa0933;20180326_095804286_p_cnf_320_1120.cnf;UNKNOWN;5000;5000;5000;5000;5000;5000;5000;5000;5000;5000;5000;5000;5000;5000;5000;-1
99485e37250c78e6a9f27c851df1ddb4;si2-b03m-m800-03.cnf;SAT;234;215;243;247;220;234;228;219;224;218;218;256;220;238;7;-1
7ec525fc537f0332c78e97ecd311ea46;TimetableCNFEncoding_3_UNKNOWN.cnf;UNKNOWN;5000;5000;5000;5000;5000;5000;5000;5000;5000;5000;5000;5000;5000;5000;5000;-1
b320154da83b22bf6e96dfbfa44d9f99;CNP-5-100.cnf;SAT;5000;5000;3338;5000;3279;5000;5000;5000;5000;5000;5000;5000;5000;5000;5000;-1
aaf6d949da14b06578cf05aa96f179eb;e_rphp035_05.cnf;UNSAT;5000;4734;5000;4684;5000;4363;4711;4398;4914;4432;5000;5000;4469;5000;5000;-1
8c32295bc07831d3c58f438e57d505f1;cms-scheel-md4-families-r24-c5-p1-8-13-18-19.cnf;UNKNOWN;5000;5000;5000;5000;5000;5000;5000;5000;5000;5000;5000;5000;5000;5000;5000;-1
8d25aa37b81a1e9d60ee30c9f5694724;Nb42T6.cnf;UNSAT;3219;5000;5000;5000;5000;5000;5000;5000;5000;5000;5000;3591;5000;5000;5000;5000
8d3014b131d960f5abb2b2461aada9ac;sted5_0x1e3-40.cnf;UNKNOWN;5000;5000;5000;5000;5000;5000;5000;5000;5000;5000;5000;5000;5000;5000;5000;-1
bd1b1fc7d0e5acc1fac0c2c8f1d1e0e6;6-4-7.cnf;UNKNOWN;5000;5000;5000;5000;5000;5000;5000;5000;5000;5000;5000;5000;5000;5000;5000;-1
56fb6cf3a19ba553974b8503c5dbbda1;sdiv20prop.cnf;UNKNOWN;5000;5000;5000;5000;5000;5000;5000;5000;5000;5000;5000;5000;5000;5000;5000;-1
7a6736e53383c696209b2653a5e5f341;ex175_20.cnf;SAT;2624;5000;5000;5000;5000;5000;4489;3715;4394;5000;5000;5000;5000;5000;702;-1
5e7ca2ad262a66d24805f36eb5ee083a;T62.2.0.cnf;UNSAT;2281;4872;5000;4345;5000;3971;3912;3946;3747;3769;3716;2916;3787;4303;2002;-1
4b951cf9d9110a628e080cc2d56c70f0;6-3-8.cnf;SAT;2754;5000;2493;5000;2528;1525;5000;5000;5000;1707;45;2074;1587;43;382;-1
1c4eff8369f50ccbf7501aa36ba786bf;e_rphp055_04.cnf;UNSAT;301;557;5000;523;5000;479;596;578;626;559;602;1194;570;609;578;-1
060550a68badfbd28b67784620c307de;T90.2.0.cnf;UNSAT;1238;4845;5000;3806;5000;4238;3899;4365;3489;3498;3502;1433;3556;4498;1413;-1
988509acf25a4a7bcecc11c5f6cd799e;satcoin-genesis-SAT-16.cnf;SAT;5000;5000;10;5000;6;5000;5000;4180;5000;5000;5000;5000;5000;5000;8;8
6e048585c2d824aec2971a125f9516c1;20180322_164223076_p_cnf_320_1120.cnf;UNKNOWN;5000;5000;5000;5000;5000;5000;5000;5000;5000;5000;5000;5000;5000;5000;5000;-1
078002888dfcb97262689aa14c417fe7;dist9.c.cnf;UNSAT;334;482;2585;462;2623;450;359;481;410;403;412;1414;414;484;559;-1
c924333c881173a1dd6a103f232ccedb;uniqinv25prop.cnf;UNKNOWN;5000;5000;5000;5000;5000;5000;5000;5000;5000;5000;5000;5000;5000;5000;5000;-1
867fc6d96b4b770484871ea7612de5a2;Nb8T61.cnf;UNKNOWN;5000;5000;5000;5000;5000;5000;5000;5000;5000;5000;5000;5000;5000;5000;5000;-1
b00bfe42325dc02bf3bd3da000064ce9;patat-08-comp-3.cnf;SAT;40;41;36;35;33;39;35;43;35;36;39;37;35;36;20;16
a865a43c07561b12f62805d79157a5b7;a_rphp035_05.cnf;UNKNOWN;5000;5000;5000;5000;5000;5000;5000;5000;5000;5000;5000;5000;5000;5000;5000;-1
3e4ee5f0fa6143b8af75ef8709119ab7;ex025_19.cnf;UNKNOWN;5000;5000;5000;5000;5000;5000;5000;5000;5000;5000;5000;5000;5000;5000;5000;5000
89741cb1b64b4119b84edb94c1a82d88;gto_p50c307.cnf;UNKNOWN;5000;5000;5000;5000;5000;5000;5000;5000;5000;5000;5000;5000;5000;5000;5000;-1
da50ef8db16e9c24ea988dc8ed7c2d70;CNP-5-1900.cnf;SAT;42;1614;475;1527;451;2050;5000;3739;5000;5000;3333;991;5000;3960;71;-1
fb60700fa304a2262b3bf60cc02ca805;T103.2.0.cnf;UNSAT;1393;4759;5000;4103;5000;3630;4081;3993;3886;3583;3668;2229;3911;4245;1837;-1
d6a83144beac8a393a28afbb00334132;queen13_13.col.13.cnf;UNKNOWN;5000;5000;5000;5000;5000;5000;5000;5000;5000;5000;5000;5000;5000;5000;5000;-1
9ad3c9f5d0d7ef478e011ce9c95c51f3;newton_3_6_false-unreach-call.i.cnf;SAT;137;322;5000;320;5000;223;282;262;275;241;290;481;232;341;277;301
f414febf39c2a4e2033a460b507121ee;Nb14T194.cnf;UNKNOWN;5000;5000;5000;5000;5000;5000;5000;5000;5000;5000;5000;5000;5000;5000;5000;-1
000f310860c67f91f429c493501e7280;cz-alt-3-7.cnf;UNKNOWN;5000;5000;5000;5000;5000;5000;5000;5000;5000;5000;5000;5000;5000;5000;5000;-1
e4fc66f228473eeffd19b654d52dd773;dist5.c.cnf;UNSAT;389;413;2097;398;2130;366;494;473;518;479;460;2202;516;462;622;-1
23f53db75e3884d556c0c2d74fc66ec2;prime_200560490131.cnf;UNSAT;269;367;341;337;388;376;367;343;367;323;342;922;325;380;361;291
b9ae2a9e6e871374583d13605a99e1d2;uniqinv45prop.cnf;UNKNOWN;5000;5000;5000;5000;5000;5000;5000;5000;5000;5000;5000;5000;5000;5000;5000;-1
8ad0b2912b3050e21851427e9dbea729;T77.2.0.cnf;UNSAT;1494;5000;5000;3916;5000;3352;3551;4265;3270;3377;3578;1352;3439;3782;1636;-1
6eda4a2ea0b7aa4431065d10ca55d5ef;satcoin-genesis-SAT-8192.cnf;SAT;5000;5000;5000;5000;5000;5000;5000;5000;5000;5000;5000;3428;5000;5000;5000;-1
d7d29d8ff5d390207ac94ffad2c6f621;a_rphp085_04.cnf;UNKNOWN;5000;5000;5000;5000;5000;5000;5000;5000;5000;5000;5000;5000;5000;5000;5000;-1
32208df8c7c76bf112e4fb7a91367d0d;ecarev-110-1031-23-40-8.cnf;SAT;1189;2538;5000;2620;5000;2409;2836;2135;2900;2468;1877;4496;2352;2066;5000;-1
14a5e711c36243f8c54424bfc53dbb3c;satcoin-genesis-SAT-1024.cnf;SAT;5000;5000;539;5000;538;3599;5000;5000;5000;5000;5000;5000;5000;5000;485;-1
09360f04e9cbc3d934b93d078fe18380;Nb29T6.cnf;UNSAT;901;2081;3182;1722;2745;1482;1300;1758;1254;1315;1520;2430;1428;1818;1265;-1
d172025a51256ad216a79810afb765ca;cms-scheel-md5-families-r24-c6-p1-4-6-13-14-18.cnf;UNKNOWN;5000;5000;5000;5000;5000;5000;5000;5000;5000;5000;5000;5000;5000;5000;5000;-1
58f517c8e7265de041be4d41e9a81af7;Problem14_label19_true-unreach-call.c.cnf;UNSAT;273;5000;5000;5000;5000;5000;5000;5000;5000;5000;5000;437;5000;5000;248;-1
705feb13fbac58bb6caffd5b82863136;si2-r001-m200-00.cnf;SAT;1776;5000;5000;5000;5000;5000;5000;5000;5000;5000;5000;5000;5000;5000;16;-1
f06e091f9fa230df3930d5b1cbd0390a;satcoin-genesis-SAT-5.cnf;SAT;5000;6;5;5;5;5;5;5;5;5;6;5000;5;5;4;-1
6dd7fe8ea0b9dc39fcd63c5a475884da;factoring29986577x29986577.cnf;SAT;1712;4367;852;4197;809;529;1750;2084;1789;1846;5000;50;1696;5000;2083;-1
3dbc559d8f8a25e5b1cc3166e25ead06;dist4.c.cnf;UNSAT;322;467;1543;408;1484;385;373;472;384;350;450;5000;363;465;5000;-1
e92eefa0369d3bd87c23620a48f44355;sted5_0x0-50.cnf;SAT;135;229;3215;227;3057;150;315;9;305;262;177;1623;254;220;15;-1
01882e2b523c00965d511b8e3f884011;apn-sbox6-cut3-helpbox29.cnf;SAT;5000;5000;2728;5000;2502;5000;5000;5000;5000;5000;5000;5000;5000;5000;5000;5000
5b07eb69cdb805831ec86768ae21bef9;ex175_17.cnf;UNKNOWN;5000;5000;5000;5000;5000;5000;5000;5000;5000;5000;5000;5000;5000;5000;5000;-1
f75bd9d309c912ed1e90352f7706f666;ex177_12.cnf;UNKNOWN;5000;5000;5000;5000;5000;5000;5000;5000;5000;5000;5000;5000;5000;5000;5000;-1
c0a8771b6f0512b95fc72c577c0913bf;satcoin-genesis-SAT-32.cnf;SAT;5000;5000;40;5000;35;5000;350;5000;346;5000;5000;5000;5000;5000;27;-1
01b6449009cf16b6c128c93cca8ca9d8;sdiv30prop.cnf;UNKNOWN;5000;5000;5000;5000;5000;5000;5000;5000;5000;5000;5000;5000;5000;5000;5000;-1
ffc339df9b936bcbf0d29dd7c36b562a;newton_3_4_true-unreach-call.i.cnf;UNSAT;121;421;2455;349;2115;368;350;293;298;311;442;276;273;448;228;-1
5db91297c828f65da0757c21c104628c;Nb13T166.cnf;UNKNOWN;5000;5000;5000;5000;5000;5000;5000;5000;5000;5000;5000;5000;5000;5000;5000;-1
33d8164eb81ebf27f8b0223cfcf3e6d9;sted1_0x0-380.cnf;UNKNOWN;5000;5000;5000;5000;5000;5000;5000;5000;5000;5000;5000;5000;5000;5000;5000;-1
594a475a6be0c365286a89b0d29a4a05;satcoin-genesis-SAT-3.cnf;SAT;5000;7;7;6;6;6;7;7;6;6;6;5000;6;7;3;-1
4a1d095c70e15990b0e30b19bdfb1956;Problem11_label29_false-unreach-call.c.cnf;SAT;1982;5000;5000;5000;5000;5000;5000;5000;5000;5000;5000;2355;5000;5000;1799;-1
716bc18411e8c40652a7b698885e56ae;cms-scheel-md4-families-r24-c4-p4-9-13-18.cnf;SAT;5000;5000;5000;5000;5000;5000;5000;5000;5000;5000;5000;5000;5000;5000;1946;-1
140f9a898cae80b4dd9a90998acc9a42;uniqinv30prop.cnf;UNKNOWN;5000;5000;5000;5000;5000;5000;5000;5000;5000;5000;5000;5000;5000;5000;5000;-1
1af3932da0983710a91e7e537c80d02a;bibd-19-57-9-3-1_glb.cnf;SAT;85;24;8;21;9;359;467;2084;466;831;1873;200;811;2131;8;-1
db561c44ab5e6ba740e5e1cfc0be059c;Nb45T6.cnf;UNSAT;3656;5000;5000;5000;5000;5000;5000;5000;5000;5000;5000;5000;5000;5000;5000;-1
7276f89f2ef073652ca30d90c50872fa;filter1_true-unreach-call.c.cnf;UNSAT;351;960;5000;1022;5000;991;878;968;877;992;927;1164;1030;962;1269;-1
a4b32725169bc0ab817c31697eccee00;ae_rphp062_05.cnf;UNKNOWN;5000;5000;5000;5000;5000;5000;5000;5000;5000;5000;5000;5000;5000;5000;5000;-1
de5e7ae7761eb64afde78de21893dc48;cz-d-4-7-5.cnf;UNKNOWN;5000;5000;5000;5000;5000;5000;5000;5000;5000;5000;5000;5000;5000;5000;5000;-1
4a8541a1a673d30d15bc3642e243edc0;8-4-9.cnf;UNKNOWN;5000;5000;5000;5000;5000;5000;5000;5000;5000;5000;5000;5000;5000;5000;5000;-1
0a9d0fdf2578494863f572448ae4db53;Problem14_label55_true-unreach-call.c.cnf;UNSAT;43;5000;5000;5000;5000;5000;5000;5000;5000;5000;5000;75;5000;5000;74;-1
4355b430cd90d527cebc7d5ee6a64ca8;20180321_140823961_p_cnf_320_1120.cnf;UNKNOWN;5000;5000;5000;5000;5000;5000;5000;5000;5000;5000;5000;5000;5000;5000;5000;-1
cc10aeb3f77fa05414b89a58fd292094;exam0.04_2018_3.cnf;SAT;3812;3106;5000;2703;5000;2799;3718;1023;3576;3449;2141;2001;3547;2354;209;-1
85b33a76a865c8665d1fb9077dec40e2;TimetableCNFEncoding_20_UNKNOWN.cnf;UNKNOWN;5000;5000;5000;5000;5000;5000;5000;5000;5000;5000;5000;5000;5000;5000;5000;-1
4936d97321a52a2a3af35eab7445c558;apn-sbox6-cut4-helpbox31.cnf;SAT;323;5000;1657;5000;1477;2868;3950;3139;3645;2816;5000;5000;2717;5000;1187;-1
acae0170857a14db75cffd4ac5538f2e;cms-scheel-md5-families-r24-c5-p6-11-15-16-19.cnf;UNSAT;5000;332;5000;337;5000;2;524;1132;589;132;224;1032;134;242;210;-1
b929ad4f80d019ea118087d4175adf65;cms-scheel-md4-families-r24-c4-p6-13-17-19.cnf;SAT;379;5000;871;5000;880;5000;5000;5000;5000;5000;5000;5000;5000;5000;1164;-1
ea67098f59c249591a98ae9d02bea70d;CNP-5-1700.cnf;SAT;25;2264;11;2223;11;5000;5000;5000;5000;4803;2194;5000;4737;2911;2146;-1
97d777739a898b654b42115afcba7f5f;cms-scheel-md4-families-r24-c5-p5-13-16-17-19.cnf;UNKNOWN;5000;5000;5000;5000;5000;5000;5000;5000;5000;5000;5000;5000;5000;5000;5000;-1
a4b187798e17ef5a6dd591aa6765dff0;sted1_0x0-420.cnf;UNKNOWN;5000;5000;5000;5000;5000;5000;5000;5000;5000;5000;5000;5000;5000;5000;5000;-1
90e0093c4902b82299ad04c425a415b5;T129.2.0.cnf;UNSAT;891;4964;5000;3656;5000;3591;3847;3401;4022;4204;3614;1588;3998;4059;1373;-1
bf2abda4a7dccdf25c314eeb9de12a2a;quadratic_loose_error.c.cnf;UNSAT;2292;5000;67;4948;64;5000;362;5000;364;235;5000;5000;239;5000;61;-1
735743be6cd6d5fe79b89034e5ec94d4;sted5_0x24204-70.cnf;UNKNOWN;5000;5000;5000;5000;5000;5000;5000;5000;5000;5000;5000;5000;5000;5000;5000;-1
dd99ea50788407013780e0420d9d9d95;satcoin-genesis-SAT-4096.cnf;SAT;5000;5000;5000;5000;5000;4745;5000;5000;5000;5000;5000;1967;5000;5000;5000;-1
a64dcaeed29d61f9a2ceccc1310ab1a7;ex051_9.cnf;UNKNOWN;5000;5000;5000;5000;5000;5000;5000;5000;5000;5000;5000;5000;5000;5000;5000;-1
88c642ef6cb752d957abb892148dad73;magicSquare-9_glb.cnf;SAT;5000;5000;2946;5000;2946;5000;5000;5000;5000;3208;5000;5000;3145;5000;801;-1
c2eb29e28510273b9e48e2460bf9fbae;gto_p60c239.cnf;UNSAT;357;254;722;272;715;380;324;334;306;335;276;716;333;307;284;297
f7db8bb7136750fd0805ee9448aafb3b;ae_rphp045_05.cnf;UNKNOWN;5000;5000;5000;5000;5000;5000;5000;5000;5000;5000;5000;5000;5000;5000;5000;-1
e0031433c061699df939f2e26dc8b2a5;TimetableCNFEncoding_1_UNKNOWN.cnf;UNKNOWN;5000;5000;5000;5000;5000;5000;5000;5000;5000;5000;5000;5000;5000;5000;5000;-1
ec34418e6538160ff440c5a401dcdfd0;Cake_8_16.cnf;UNKNOWN;5000;5000;5000;5000;5000;5000;5000;5000;5000;5000;5000;5000;5000;5000;5000;5000
ab1246064f9651d8072f1be459fcb104;prime_119218851371.cnf;UNSAT;205;208;230;193;235;210;239;221;238;218;213;540;222;221;225;-1
1ae53251cb5642d0077054b7e8f8c396;assoc2.c.cnf;UNKNOWN;5000;5000;5000;5000;5000;5000;5000;5000;5000;5000;5000;5000;5000;5000;5000;-1
f842db9e4641114743d73bd7ebb77b56;a_rphp045_05.cnf;UNKNOWN;5000;5000;5000;5000;5000;5000;5000;5000;5000;5000;5000;5000;5000;5000;5000;-1
6321475176452b75049ac8dba5c44f64;apn-sbox6-cut5-helpbox30.cnf;SAT;538;534;5000;511;5000;1387;232;2433;231;226;2490;372;221;2806;5000;-1
2a93bee9686de744e232e3cefa96130d;cms-scheel-md4-families-r24-c5-p1-5-10-12-18.cnf;UNSAT;2601;5000;3279;5000;2981;5000;5000;5000;5000;5000;5000;5000;5000;5000;5000;-1
f4d89e9f8f8b95d4d01fcda792b2343f;apn-sbox6-cut3-helpbox30.cnf;SAT;2466;3459;5000;3273;5000;5000;2475;5000;2415;1834;5000;5000;1845;5000;5000;-1
2f49096e81f887ba70bab7c034e46197;Nb27T6.cnf;UNSAT;546;2192;2375;1786;2261;1085;1109;1037;1092;1093;1116;1686;1077;1239;913;-1
a661159bc25ac8d0ea9eb47f0282ed74;course_flat_0.2_2018_3.cnf;SAT;1023;5000;1277;4456;1008;904;1065;2821;1108;2658;2896;2175;2755;3685;2080;-1
709985c055f9bf6838f974e4f1366842;sted1_0x1e3-100.cnf;UNKNOWN;5000;5000;5000;5000;5000;5000;5000;5000;5000;5000;5000;5000;5000;5000;5000;5000
9731e38f5815a58dc0d2bc2406651290;ex067_10.cnf;SAT;3108;5000;5000;5000;5000;5000;5000;5000;5000;5000;3887;5000;5000;4570;5000;-1
8e882b93037dbbacbc79f44480149c9d;sdiv15prop.cnf;UNSAT;560;1399;2449;1307;2386;1147;1275;1383;1187;1229;1186;3323;1161;1257;1264;-1
589a5acf084b3a37adb8ccc4f3e339d5;ortholatin-7.cnf;SAT;32;194;20;188;21;553;288;318;262;261;146;720;268;153;59;28
4e501ee5490c2421222bb46e96cf568b;Problem14_label57_false-unreach-call.c.cnf;SAT;132;5000;5000;5000;5000;5000;5000;5000;5000;5000;5000;319;5000;5000;203;-1
761e183e4c579e1543559b36d9ad2660;20180322_164241329_p_cnf_320_1120.cnf;UNKNOWN;5000;5000;5000;5000;5000;5000;5000;5000;5000;5000;5000;5000;5000;5000;5000;-1
2df5678da54ae001d18c7111aec3d627;ax-d-4-7-5.cnf;UNKNOWN;5000;5000;5000;5000;5000;5000;5000;5000;5000;5000;5000;5000;5000;5000;5000;-1
da06ff7aa017eb56924b451fef60011c;7-5-6.cnf;UNKNOWN;5000;5000;5000;5000;5000;5000;5000;5000;5000;5000;5000;5000;5000;5000;5000;-1
029bb9d5e23473c52ea7ffffb7d2e1c6;e_rphp065_05.cnf;UNKNOWN;5000;5000;5000;5000;5000;5000;5000;5000;5000;5000;5000;5000;5000;5000;5000;5000
4fc6c3a02e1bfb1d262dcd680a9f5fb0;le450_15b.col.15.cnf;UNKNOWN;5000;5000;5000;5000;5000;5000;5000;5000;5000;5000;5000;5000;5000;5000;5000;-1
a4f363a93475aff067bac5d4ba8c9da5;full-cy-caa.rules.7-7.cnf;SAT;154;265;5000;234;5000;251;423;361;403;414;333;1775;482;380;268;-1
454e25bae04f69d6c0db3563729f46f0;Nb54T6.cnf;UNSAT;4879;5000;5000;5000;5000;5000;5000;5000;5000;5000;5000;5000;5000;5000;5000;-1
c625a864df79cd10dc2d329198a30b15;ae_rphp095_04.cnf;UNKNOWN;5000;5000;5000;5000;5000;5000;5000;5000;5000;5000;5000;5000;5000;5000;5000;-1
d5a3f304b574429a5d9ff6862e653e39;T98.2.0.cnf;UNSAT;927;4649;5000;3761;5000;3782;3594;3786;3690;3571;3915;1584;3647;4047;1744;-1
e29b7bb4c99b0ae686c9d4040cf594c7;bz-X-4-7-6.cnf;SAT;5000;5000;5000;5000;5000;5000;2422;5000;2397;3463;347;5000;3364;394;5000;-1
7bf56343c9705cc91accf92bb09d7377;gto_p50c314_1.cnf;UNKNOWN;5000;5000;5000;5000;5000;5000;5000;5000;5000;5000;5000;5000;5000;5000;5000;-1
bbe6a8622793348163294e9d3c544416;T117.2.0.cnf;UNSAT;765;4078;5000;3169;5000;3434;3469;3185;3515;3082;3307;1107;2997;3708;1346;-1
d8d963611db5a83b1d743963f5349d5e;pals_lcr-var-start-time.6_true-unreach-call.ufo.UNBOUNDED.pals.c.cnf;UNSAT;648;2308;5000;2072;5000;2461;2083;2011;2055;2344;1820;1931;2362;1975;1076;-1
611df3df33b5b120d7e302db98d7ef52;sted5_0x24204-60.cnf;UNKNOWN;5000;5000;5000;5000;5000;5000;5000;5000;5000;5000;5000;5000;5000;5000;5000;-1
6f3d16c8157e99196fa60a2c6f497313;uniqinv46prop.cnf;UNKNOWN;5000;5000;5000;5000;5000;5000;5000;5000;5000;5000;5000;5000;5000;5000;5000;-1
601ada521e63cb0746eacc4374b7a844;CNP-5-700.cnf;SAT;5000;5000;312;5000;352;2896;5000;5000;5000;5000;5000;5000;5000;5000;5000;-1
b9d6c0a9a614709dc50fbd405cd5284a;pals_lcr.8_overflow_false-unreach-call.ufo.UNBOUNDED.pals.c.cnf;UNSAT;439;1809;5000;1607;5000;1926;2081;1619;2034;1712;1417;2583;1726;1641;1198;-1
2be9f9ecc6cf43e0cdc366b850e4a82d;courses_flat_0.16_2017_9.cnf;UNKNOWN;5000;5000;5000;5000;5000;5000;5000;5000;5000;5000;5000;5000;5000;5000;5000;-1
7a9fc81430f3d358d0f939deeeff0031;ex009_10.cnf;SAT;5000;5000;1546;5000;1299;5000;5000;5000;5000;5000;5000;5000;5000;5000;1413;-1
be392192b3724bafa4b969e194904250;commutativity.c.cnf;UNKNOWN;5000;5000;5000;5000;5000;5000;5000;5000;5000;5000;5000;5000;5000;5000;5000;-1
f9cdc5114ba2ec92c395fe61a99a2358;sted1_0x0-330.cnf;SAT;295;430;2557;454;2512;408;471;406;437;439;399;1095;427;438;450;-1
eec1888a4e1405d1f6af51fd67da1d45;cms-scheel-md4-families-r24-c5-p0-7-10-15-19.cnf;SAT;290;212;70;183;73;234;62;135;63;75;121;250;79;131;34;34
536a1efce125b9425c8f2137ad0e872a;ae_rphp035_05.cnf;UNSAT;4764;4304;5000;4267;5000;5000;5000;5000;5000;5000;5000;5000;5000;5000;5000;-1
838aeae6c5dda5a1fb8de2efe6e561d4;satcoin-genesis-SAT-9.cnf;SAT;5000;5;5;5;5;4;5;5;4;4;4;5000;4;4;6;-1
721e91b83eca30cc9e317b376550a246;1mod8.rules.7-7.cnf;UNKNOWN;5000;5000;5000;5000;5000;5000;5000;5000;5000;5000;5000;5000;5000;5000;5000;-1
504a8c7ec61988fe814bde2cfb0f38a0;bx-d-4-7-6.cnf;UNKNOWN;5000;5000;5000;5000;5000;5000;5000;5000;5000;5000;5000;5000;5000;5000;5000;-1
fcd9047dcfe937344ac8defab401e403;T92.2.0.cnf;UNSAT;1205;4825;5000;3840;5000;3916;4050;3887;4065;3673;3514;1169;3687;4170;1858;-1
34fdb0c88bb9ae4492a7e5c58a150415;course_flat_0.12_2018_3_3.cnf;UNKNOWN;5000;5000;5000;5000;5000;5000;5000;5000;5000;5000;5000;5000;5000;5000;5000;-1
c0e10da46420f0ee7a888da403e7addd;exams_flat_0.04_2017_9.cnf;UNKNOWN;5000;5000;5000;5000;5000;5000;5000;5000;5000;5000;5000;5000;5000;5000;5000;-1
c8db5d425b1b4804762678180a5e523f;T93.2.0.cnf;UNSAT;2719;5000;5000;4184;5000;4014;4224;3809;4216;3645;4027;3573;3603;4523;5000;-1
bad2bf11fa617df939bdfb39ed9d4073;pals_floodmax.5_overflow_false-unreach-call.ufo.UNBOUNDED.pals.c.cnf;UNKNOWN;5000;5000;5000;5000;5000;5000;5000;5000;5000;5000;5000;5000;5000;5000;5000;-1
8465b5e735add8f3eb8656648a6bacb4;ex145_11.cnf;UNKNOWN;5000;5000;5000;5000;5000;5000;5000;5000;5000;5000;5000;5000;5000;5000;5000;-1
c80506cca20c3bb485674ddcc6c8324d;ex039_33.cnf;SAT;5000;5000;5000;5000;5000;5000;5000;1173;5000;5000;1720;5000;5000;1899;5000;-1
dc9cbc7b749bc664fdb33b2b8e196308;apn-sbox5-cut4-symmbreak.cnf;UNKNOWN;5000;5000;5000;5000;5000;5000;5000;5000;5000;5000;5000;5000;5000;5000;5000;-1
6d64faf50318e46583350bdcb0922a3f;mchess_18.cnf;UNKNOWN;5000;5000;5000;5000;5000;5000;5000;5000;5000;5000;5000;5000;5000;5000;5000;-1
22e8e7b22726491da8f733137216253b;T87.2.0.cnf;UNSAT;1007;5000;5000;4013;5000;4125;3999;3858;4123;3974;3963;1857;4050;4232;1270;-1
0c04cbca2bdd8cfe907f8819418ee329;Problem14_label20_true-unreach-call.c.cnf;UNSAT;6;4281;4085;3559;3620;3631;3324;3452;3666;3418;3419;32;3460;3966;37;-1
49f51ab495bb28eba9b0e1a9fffa0fc9;bibd-16-80-15-3-2_glb.cnf;SAT;77;248;64;236;57;76;574;359;598;153;316;224;144;340;18;-1
5fbf7e69778c2a19effa2724f5895577;a_rphp056_05.cnf;UNKNOWN;5000;5000;5000;5000;5000;5000;5000;5000;5000;5000;5000;5000;5000;5000;5000;-1
25fe16402d15c9e2daf1dcdb4aaa6586;bibd-8-70-35-4-15_glb.cnf;SAT;73;32;49;29;46;23;53;94;49;26;13;86;29;15;73;-1
bff20092b17d111605489af66cc10d32;Nb52T6.cnf;UNSAT;4470;5000;5000;5000;5000;5000;5000;5000;5000;5000;5000;5000;5000;5000;5000;-1
ae4a29a594f32ffa1acbd0851b445d29;TimetableCNFEncoding_16_UNKNOWN.cnf;UNKNOWN;5000;5000;5000;5000;5000;5000;5000;5000;5000;5000;5000;5000;5000;5000;5000;-1
c09807571c3871064419e43abd70f7ad;ex187_10.cnf;SAT;2788;5000;5000;5000;5000;5000;5000;3154;5000;5000;5000;5000;5000;5000;1392;-1
14944be6155e8d724ecfdb2aa86b58e4;20180321_110707239_p_cnf_320_1120.cnf;UNKNOWN;5000;5000;5000;5000;5000;5000;5000;5000;5000;5000;5000;5000;5000;5000;5000;-1
6b08a0cd7c584ddb28971a9b90f22d8f;sqrt_ineq_3.c.cnf;SAT;3207;5000;5000;5000;5000;410;5000;45;5000;1850;5000;5000;1667;5000;12;-1
c5ab13b4c1ecc02c9a6f4c05848d1bd6;course_flat_0.12_2018_3_1.cnf;SAT;1262;5000;5000;5000;5000;5000;3148;5000;3110;5000;5000;5000;5000;5000;5000;-1
4ef63651847c75584f3b834bac68e370;gto_p60c233.cnf;UNSAT;723;266;692;274;712;420;303;340;311;286;239;384;277;251;253;-1
f94da3459548c5abbbc2f60bf4da7b26;sted5_0x1e3-60.cnf;UNKNOWN;5000;5000;5000;5000;5000;5000;5000;5000;5000;5000;5000;5000;5000;5000;5000;-1
8f6b38a084b11a6dc0c8cecbea7dda21;apn-sbox6-cut3-helpbox28.cnf;SAT;235;5000;5000;5000;5000;5000;5000;5000;5000;5000;5000;5000;5000;5000;5000;-1
dc386063a5763eda788ec44c97b91f29;T116.2.0.cnf;UNSAT;395;4093;5000;3054;5000;3473;3605;3282;3494;3865;3189;1017;4017;3806;798;-1
6e910a1eabb6a4565b0bb625397748e3;course_flat_0.12_2018_3_5.cnf;UNKNOWN;5000;5000;5000;5000;5000;5000;5000;5000;5000;5000;5000;5000;5000;5000;5000;-1
12d81a9e0248f63602653f79f4e24e0e;Nb49T6.cnf;UNSAT;3499;5000;5000;5000;5000;5000;5000;5000;5000;5000;5000;5000;5000;5000;5000;-1
0ef48ecc798f4ddb2e40337e1f112d59;8-5-6.cnf;UNKNOWN;5000;5000;5000;5000;5000;5000;5000;5000;5000;5000;5000;5000;5000;5000;5000;-1
e66dd6a47c11d4e0d1b735f41b3a320e;ex145_10.cnf;UNKNOWN;5000;5000;5000;5000;5000;5000;5000;5000;5000;5000;5000;5000;5000;5000;5000;-1
d22857b3c48e11984d05f3412bd48506;exam_flat_0.04_2018_3.cnf;UNKNOWN;5000;5000;5000;5000;5000;5000;5000;5000;5000;5000;5000;5000;5000;5000;5000;-1
12a047aefc53f03b5d3fd15adcd65e0f;udiv47prop.cnf;UNKNOWN;5000;5000;5000;5000;5000;5000;5000;5000;5000;5000;5000;5000;5000;5000;5000;-1
b581270a54e390398d4e42e056d8dd92;gto_p50c314.cnf;UNKNOWN;5000;5000;5000;5000;5000;5000;5000;5000;5000;5000;5000;5000;5000;5000;5000;-1
0a6208bbb62e212e510fa00888811b3a;Cake_9_19.cnf;UNKNOWN;5000;5000;5000;5000;5000;5000;5000;5000;5000;5000;5000;5000;5000;5000;5000;-1
6c5eaa0dbcd8cfae7a814cca8e3595b8;TimetableCNFEncoding_2_UNKNOWN.cnf;UNKNOWN;5000;5000;5000;5000;5000;5000;5000;5000;5000;5000;5000;5000;5000;5000;5000;-1
9cd520f6e1cfc77a0bfc115ad529c778;sqrt_ineq_2.c.cnf;SAT;316;645;99;550;90;569;184;160;203;269;502;5000;308;546;6;-1
6790a5fbfdd89ef10e30fc540ded83b1;gto_p60c295.cnf;UNKNOWN;5000;5000;5000;5000;5000;5000;5000;5000;5000;5000;5000;5000;5000;5000;5000;-1
03f588049e2ce8cfd5ac013c1cebecbe;apn-sbox6-cut5-helpbox28.cnf;SAT;5000;5000;5000;5000;5000;5000;5000;5000;5000;4313;5000;5000;4410;5000;5000;-1
40133bc28f35c9a6b2984cc218e0530b;mchess_19.cnf;UNKNOWN;5000;5000;5000;5000;5000;5000;5000;5000;5000;5000;5000;5000;5000;5000;5000;-1
18ae89c74ef5a4f5d2fd9fbf589ef258;CNP-5-1600.cnf;SAT;928;5000;1856;5000;1865;768;5000;5000;5000;5000;5000;5000;5000;5000;1246;952
c7f7cbcf1149650972b52171d9b41959;T84.2.0.cnf;UNSAT;1956;4952;5000;3706;5000;3636;4063;3710;4186;3426;4365;1821;3505;5000;1419;-1
b5d2fd2531106c2ef175fba78d7f0a55;sdiv16prop.cnf;UNSAT;1959;4826;5000;4750;5000;4121;4321;4211;4322;4396;5000;5000;4297;5000;5000;-1
e2f8ce03d5154510ef4ec61c9de5fb21;uniqinv47prop.cnf;UNKNOWN;5000;5000;5000;5000;5000;5000;5000;5000;5000;5000;5000;5000;5000;5000;5000;-1
d73355f4f4171991d5707ab6523146aa;gto_p50c311.cnf;UNKNOWN;5000;5000;5000;5000;5000;5000;5000;5000;5000;5000;5000;5000;5000;5000;5000;-1
b72fbf630d6e90dd0c90981daa51d044;cms-scheel-md5-families-r24-c11-p1-4-6-9-10-11-13-15-17-18-19.cnf;SAT;472;354;164;327;135;725;691;558;621;399;509;1083;396;573;83;-1
611feb80ad904fc185cad9095b625714;ecarev-110-1031-23-40-7.cnf;SAT;295;624;5000;579;5000;678;664;651;668;492;527;1158;489;618;634;-1
006b1b942c3d4a6220022272bc2f1701;gto_p60c343.cnf;UNKNOWN;5000;5000;5000;5000;5000;5000;5000;5000;5000;5000;5000;5000;5000;5000;5000;-1
589e3968a79ead29d0b726ac73dc276e;gto_p60c231_1.cnf;UNSAT;241;298;525;311;532;273;146;246;150;140;233;449;145;241;293;-1
8345a570892be31801432f1ae053a56f;8-4-8.cnf;UNKNOWN;5000;5000;5000;5000;5000;5000;5000;5000;5000;5000;5000;5000;5000;5000;5000;-1
996faec6382371f546cf764d1282ec14;queen8_8.col.9.cnf;UNKNOWN;5000;5000;5000;5000;5000;5000;5000;5000;5000;5000;5000;5000;5000;5000;5000;-1
4cc2bed4c3dbd9d32364216ba0573771;mchess_20.cnf;UNKNOWN;5000;5000;5000;5000;5000;5000;5000;5000;5000;5000;5000;5000;5000;5000;5000;-1
b9ef731c06ced29111a551384ce228d1;full-by-za.rules.5-7.cnf;SAT;5000;2186;5000;1922;5000;5000;4730;5000;4886;2348;1759;5000;2625;1881;5000;-1
685c267401e45280a5d0c969c3eb197e;TimetableCNFEncoding_5_UNKNOWN.cnf;UNKNOWN;5000;5000;5000;5000;5000;5000;5000;5000;5000;5000;5000;5000;5000;5000;5000;-1
adcfdccdbe4cd477134aa2b65f5ac8c7;CNP-5-900.cnf;SAT;2385;5000;3699;5000;3605;5000;5000;5000;5000;5000;5000;5000;5000;5000;1316;293
8e2662d8f02ce2cc77a927349da4233c;ex065_25.cnf;UNKNOWN;5000;5000;5000;5000;5000;5000;5000;5000;5000;5000;5000;5000;5000;5000;5000;-1
ab0d8345affb4314cd832639269704ce;ex045_7.cnf;UNKNOWN;5000;5000;5000;5000;5000;5000;5000;5000;5000;5000;5000;5000;5000;5000;5000;-1
038b5f7e9397c53a031c07a8fa00eaaa;ae_rphp056_05.cnf;UNKNOWN;5000;5000;5000;5000;5000;5000;5000;5000;5000;5000;5000;5000;5000;5000;5000;-1
4a65c9bed5883d2fc037691da2adc24d;CNP-5-1000.cnf;SAT;5000;5000;1599;5000;1537;5000;5000;5000;5000;5000;5000;5000;5000;5000;1717;-1
114298cb5c2b3de22811299b3d5e98c3;school1.col.14.cnf;UNKNOWN;5000;5000;5000;5000;5000;5000;5000;5000;5000;5000;5000;5000;5000;5000;5000;-1
e97d8bfcb17e22bc35d4ef605f379fc1;sted1_0x1e3-300.cnf;UNKNOWN;5000;5000;5000;5000;5000;5000;5000;5000;5000;5000;5000;5000;5000;5000;5000;-1
d9618a00441118cdf561a9fb747e63df;cms-scheel-md5-families-r24-c5-p2-7-8-15-19.cnf;UNKNOWN;5000;5000;5000;5000;5000;5000;5000;5000;5000;5000;5000;5000;5000;5000;5000;-1
8b847ba297374d07ae8274176df6f09f;a_rphp055_04.cnf;UNSAT;334;647;5000;635;5000;636;724;788;738;790;765;1621;774;813;685;-1
887c07d9c5add297c29f68b15151144d;cms-scheel-md5-families-r24-c8-p0-3-5-6-14-16-18-19.cnf;UNKNOWN;5000;5000;5000;5000;5000;5000;5000;5000;5000;5000;5000;5000;5000;5000;5000;-1
357de02ed3f7cefc7c6aea5b14843075;queen12_12.col.12.cnf;UNSAT;4075;1313;478;1353;478;759;1411;1863;1356;1493;1979;3027;1476;1988;772;-1
f6f5620ec0fd7dae3d741e781e31998d;apn-sbox6-cut3-helpbox31.cnf;SAT;140;4859;5000;4225;5000;4273;5000;5000;5000;3863;5000;752;3806;5000;5000;-1
024a7b96b6ae0e168092758473ab55f8;apn-sbox6-cut3-helpbox23.cnf;UNKNOWN;5000;5000;5000;5000;5000;5000;5000;5000;5000;5000;5000;5000;5000;5000;5000;-1
f31d6a1761acdf1fdf73fcd886df7646;avg_true-unreach-call.i.cnf;UNSAT;766;751;5000;726;5000;817;864;805;848;771;847;1432;770;941;761;-1
affe2c940a10f8086b838ce4a9c0573c;satcoin-genesis-SAT-8.cnf;SAT;5000;5;6;5;5;5;5;5;5;5;5;5000;5;5;7;-1
1a723d2da57593d16d8e84c44a2b9275;T56.2.0.cnf;UNSAT;1103;4564;5000;3548;5000;3668;3450;3456;3612;3732;3305;1828;3326;3898;1296;-1
7a0ee451a75580c12db336e7ea74e1d8;Nb44T6.cnf;UNSAT;3919;5000;5000;5000;5000;5000;5000;5000;5000;5000;5000;5000;5000;5000;5000;-1
871e22565af8acbc65aae9248c73402c;Nb11T118.cnf;UNKNOWN;5000;5000;5000;5000;5000;5000;5000;5000;5000;5000;5000;5000;5000;5000;5000;-1
5f1db9e99ee20282858b899f7a509966;frb35-17-5-mgd_ext.cnf;SAT;176;224;198;240;211;244;258;244;237;236;2;160;240;2;288;-1
5378ff3fe9756596f723ec5453c2bbc9;mchess_16.cnf;UNSAT;2801;5000;5000;5000;5000;1994;3619;2250;3562;3634;3174;5000;3933;3329;995;-1
e2709929b4a14cbf233f9085f58d6570;dist10.c.cnf;UNSAT;359;474;1775;461;1691;519;405;514;399;458;367;1466;391;365;688;-1
8e2946b60655ca83d3ef60bd803f6eea;9-4-10.cnf;UNKNOWN;5000;5000;5000;5000;5000;5000;5000;5000;5000;5000;5000;5000;5000;5000;5000;-1
a898dc51b0968220bd985f758d2c466c;ramsey-30-4.cnf;SAT;84;5000;2004;5000;1852;5000;5000;5000;5000;5000;5000;5000;5000;5000;2140;-1
0923acb0be7100dd28f664025bddd60f;sdiv40prop.cnf;UNKNOWN;5000;5000;5000;5000;5000;5000;5000;5000;5000;5000;5000;5000;5000;5000;5000;-1
f05b6244cec265f2aa9e4021d35f875d;CNP-5-1300.cnf;SAT;3176;5000;381;5000;361;5000;5000;1386;5000;5000;5000;5000;5000;5000;212;-1
6fee6b208aa31e82d08c8119e3988a72;queen8_12.col.12.cnf;UNSAT;3629;807;2713;813;2689;1498;1405;952;1575;1054;849;4420;1066;898;1345;-1
8b899edb155a1e93f104a116d5bab003;mchess_17.cnf;UNKNOWN;5000;5000;5000;5000;5000;5000;5000;5000;5000;5000;5000;5000;5000;5000;5000;-1
f3bacbd4c8d33387f373c6f572f03452;sted5_0x0-40.cnf;SAT;12;9;3;9;3;3;2;8;2;2;2;28;2;2;3;-1
a3ccd696d784d7f7d254d3d272f92248;e_rphp056_05.cnf;UNKNOWN;5000;5000;5000;5000;5000;5000;5000;5000;5000;5000;5000;5000;5000;5000;5000;-1
d117102ff9a7cded02c3668c142fc53c;CNP-5-400.cnf;SAT;5000;5000;4849;5000;4828;5000;5000;5000;5000;5000;5000;5000;5000;5000;1965;-1
f3be17e4f5c4b829fd308ac6c22c7c3f;Problem14_label14_false-unreach-call.c.cnf;SAT;337;5000;5000;5000;5000;5000;5000;5000;5000;5000;5000;619;5000;5000;558;-1
f8aae57c4979cb21722b9ad4f30407f7;gto_p50c345_1.cnf;UNKNOWN;5000;5000;5000;5000;5000;5000;5000;5000;5000;5000;5000;5000;5000;5000;5000;-1
d1072c411057a180acba0e9045302e14;6-4-6.cnf;UNKNOWN;5000;5000;5000;5000;5000;5000;5000;5000;5000;5000;5000;5000;5000;5000;5000;-1
c8d900af5b7da915d3026d497dede2d4;20180321_140833987_p_cnf_320_1120.cnf;UNKNOWN;5000;5000;5000;5000;5000;5000;5000;5000;5000;5000;5000;5000;5000;5000;5000;-1
5f3eb344f24a6cae2684224c925d15d0;CNP-5-1100.cnf;SAT;450;5000;245;5000;226;5000;5000;5000;5000;5000;5000;5000;5000;5000;1215;-1
43c42b1e45340bbe110b65be56b1c0c6;CNP-5-1800.cnf;SAT;260;5000;74;5000;71;5000;5000;5000;5000;5000;5000;433;5000;5000;936;-1
2557701fd702c88ca76b8b6eac315384;quadratic_tight_error.c.cnf;UNSAT;3851;222;271;207;270;255;248;148;211;209;508;5000;206;567;269;-1
06dab83160cccea05b7277d29e67f606;gto_p60c231.cnf;UNSAT;294;177;514;175;523;192;259;285;277;250;201;307;251;214;83;-1
8f88029809ace49519aee16fa825951c;8-4-10.cnf;UNKNOWN;5000;5000;5000;5000;5000;5000;5000;5000;5000;5000;5000;5000;5000;5000;5000;-1
f7a07c26e7a62e343c1199de609dc6ab;less-cy-caa.rules.6-4.cnf;UNKNOWN;5000;5000;5000;5000;5000;5000;5000;5000;5000;5000;5000;5000;5000;5000;5000;-1
5598424c9412005681ed3fa4ca3359d9;udiv35prop.cnf;UNSAT;490;3375;5000;3267;5000;3042;2705;2837;2577;2682;2960;5000;2608;3184;5000;5000
7a7204dcfdf0c76dfb2d99ff72ba8d35;T96.2.0.cnf;UNSAT;1714;4688;5000;3417;5000;4131;3577;3897;3834;4003;3862;2562;4127;4895;2187;-1
6f13baa2e521e7af9fcf6e989e8a1848;ex095_8.cnf;UNKNOWN;5000;5000;5000;5000;5000;5000;5000;5000;5000;5000;5000;5000;5000;5000;5000;-1
d777973803920c1e3412eaffb710aae8;full-ax-xa.rules.7-7.cnf;SAT;2731;5000;5000;5000;5000;5000;808;5000;793;869;5000;5000;838;5000;5000;-1
5e608ffb32621f86e21b14e9145baa64;ex157_10.cnf;SAT;3008;5000;756;5000;676;2858;5000;859;5000;2518;5000;5000;2468;5000;995;-1
c69c3b817f47d22fff0eb78e7cd128cb;20180321_140827428_p_cnf_320_1120.cnf;UNKNOWN;5000;5000;5000;5000;5000;5000;5000;5000;5000;5000;5000;5000;5000;5000;5000;-1
7f37820e1ee4a4a1ac91acd57bdf4f8c;sted5_0x1e3-20.cnf;UNKNOWN;5000;5000;5000;5000;5000;5000;5000;5000;5000;5000;5000;5000;5000;5000;5000;-1
6de51e2ff43f5413d81428baa010bc8f;C3-2-31.cnf;SAT;66;153;5000;144;5000;148;182;147;159;153;152;264;161;150;498;-1
487a6bcdcd3837357cf1932ed36560f3;terminator_03_true-unreach-call_true-termination.i.cnf;UNSAT;1018;4804;5000;3898;5000;4690;3870;3914;4308;4256;3983;3111;4051;4091;5000;-1
a123f28f6da57b73ae33b33a75249a78;dist6.c.cnf;UNSAT;297;674;2307;633;2283;429;459;508;436;415;515;5000;409;564;679;-1
5c8b5b88c7f04892213f13d87100240f;queen8-8-9.cnf;SAT;36;236;67;237;67;18;47;366;47;196;133;175;182;147;3;-1
b94c4ad6719bb83e1a205107d3c5ada2;T107.2.0.cnf;UNSAT;1401;5000;5000;4121;5000;3984;3641;4401;3600;4083;3724;2507;4191;4118;2240;-1
cb1bb9bfb21a17ed6aa6f51ae0183926;20180322_164238439_p_cnf_320_1120.cnf;UNKNOWN;5000;5000;5000;5000;5000;5000;5000;5000;5000;5000;5000;5000;5000;5000;5000;-1
08d67ac6bc42e0cd42d0fc529d247b10;sted5_0x0-60.cnf;UNKNOWN;5000;5000;5000;5000;5000;5000;5000;5000;5000;5000;5000;5000;5000;5000;5000;-1
fd4d879c40b592d5bf1feb5628e15209;cms-scheel-md5-families-r24-c7-p1-5-6-12-16-18-19.cnf;UNKNOWN;5000;5000;5000;5000;5000;5000;5000;5000;5000;5000;5000;5000;5000;5000;5000;-1
fe3e47c29282bd6d761052eb1add532a;apn-sbox6-cut3-helpbox26.cnf;UNKNOWN;5000;5000;5000;5000;5000;5000;5000;5000;5000;5000;5000;5000;5000;5000;5000;-1
d66f7d055f2b40aa92b8cef8f9b03274;20180322_164224543_p_cnf_320_1120.cnf;UNKNOWN;5000;5000;5000;5000;5000;5000;5000;5000;5000;5000;5000;5000;5000;5000;5000;-1
46b565f19949e2000a495f23e24a94e2;factoring54018521x562448657.cnf;UNKNOWN;5000;5000;5000;5000;5000;5000;5000;5000;5000;5000;5000;5000;5000;5000;5000;-1
c478b7c4d25ace749035a76fdb6a1312;apn-sbox6-cut4-helpbox30.cnf;SAT;1237;653;1644;626;1625;2543;4309;2304;4235;2836;5000;5000;2630;5000;742;-1
d14028833cd34d1e8b2c6707efaf3f8c;Karatsuba6972593x13466917.cnf;SAT;1479;736;1648;702;1609;2185;1772;1209;1776;1142;1102;594;969;1154;201;-1
e27187ddc8d16fbdcde6e7d89a32af6b;Karatsuba4477457x5308417.cnf;SAT;1030;1473;1390;1480;1476;188;1118;2613;1124;258;2546;5000;294;2620;116;-1
9420c4596fe5c68ebc821c063345f790;ad-A-3-7-17.cnf;UNKNOWN;5000;5000;5000;5000;5000;5000;5000;5000;5000;5000;5000;5000;5000;5000;5000;-1
98e0a224ab5a7478eb2ed17659cb62e7;CNP-5-1200.cnf;SAT;773;5000;3847;5000;3892;5000;5000;5000;5000;5000;5000;5000;5000;5000;1360;-1
ed832480704804f6c056788ea3e01311;gto_p60c234.cnf;UNSAT;681;596;1664;583;1653;485;468;378;463;456;588;1364;501;630;332;-1
247f121df5bd9e867f54547d760538ea;si2-r001-m200-09.cnf;SAT;1166;5000;5000;5000;5000;5000;5000;5000;5000;5000;5000;5000;5000;5000;10;-1
6186afebc679756740b4953c27bf9a40;Nb13T165.cnf;UNKNOWN;5000;5000;5000;5000;5000;5000;5000;5000;5000;5000;5000;5000;5000;5000;5000;-1
8bd2fee1a7bc8c409c93f122e123121e;lei450-05b-05.cnf;SAT;35;13;0;12;0;16;10;18;10;9;11;37;9;12;1;1
68bcf17d493051411ca3db8bdbc67f33;5or7mod8.rules.7-7.cnf;UNKNOWN;5000;5000;5000;5000;5000;5000;5000;5000;5000;5000;5000;5000;5000;5000;5000;-1
3f8c8077ffd1dc01fb691a120768bbab;courses_flat_0.12_2017_9.cnf;UNKNOWN;5000;5000;5000;5000;5000;5000;5000;5000;5000;5000;5000;5000;5000;5000;5000;-1
c9e04ebd70e4e1deba3fd4d72c74c143;school1_nsh.col.14.cnf;UNKNOWN;5000;5000;5000;5000;5000;5000;5000;5000;5000;5000;5000;5000;5000;5000;5000;-1
b448078a983e7654a152bb3518fcb645;satcoin-genesis-SAT-256.cnf;SAT;5000;1119;117;1131;112;3231;5000;2309;5000;3619;5000;5000;3633;5000;102;-1
a495677bd33d535a2ded0c16fd90470d;20180321_140826713_p_cnf_320_1120.cnf;UNKNOWN;5000;5000;5000;5000;5000;5000;5000;5000;5000;5000;5000;5000;5000;5000;5000;-1
d1471375852958793ebadd97df4c2066;ecarev-110-4099-22-30-5.cnf;SAT;531;1173;5000;1091;4897;1127;1204;870;1226;1118;1053;1827;1093;1151;1374;-1
381ab20c26d247640c3c2be6e91bf6a6;ex015_14.cnf;UNKNOWN;5000;5000;5000;5000;5000;5000;5000;5000;5000;5000;5000;5000;5000;5000;5000;-1
76781c1c7a08ae9d7a7ba51c80615604;gto_p60c241.cnf;UNSAT;343;317;532;322;543;333;460;454;433;446;425;1042;419;477;249;-1
2861b4788a60a2e02b6c0b1697c8a609;sted1_0x1e3-200.cnf;UNKNOWN;5000;5000;5000;5000;5000;5000;5000;5000;5000;5000;5000;5000;5000;5000;5000;-1
96929170535d16ef70895fac3076c60c;ramsey-32-4.cnf;SAT;5000;5000;4782;5000;4540;5000;5000;5000;5000;5000;5000;5000;5000;5000;5000;-1
d4e776edea17e8206db46120c6053165;udiv46prop.cnf;UNKNOWN;5000;5000;5000;5000;5000;5000;5000;5000;5000;5000;5000;5000;5000;5000;5000;-1
b5a69aa089e3262bb2d11f49027c9bb1;Nb8T63.cnf;UNKNOWN;5000;5000;5000;5000;5000;5000;5000;5000;5000;5000;5000;5000;5000;5000;5000;-1
d22d89d18e8173ab34faa08bd56e47a7;T82.2.0.cnf;UNSAT;1238;4903;5000;3599;5000;3896;3419;3544;3742;4147;3979;1748;4264;4955;1335;-1
db4dbd6bb39832da0aef5d4ddee78dfd;CNP-5-1400.cnf;SAT;394;5000;359;5000;341;5000;158;5000;149;141;5000;5000;152;5000;161;-1
349d16112918bb176cd00ab78004abf9;Problem11_label51_false-unreach-call.c.cnf;SAT;4034;5000;5000;5000;5000;5000;5000;5000;5000;5000;5000;2930;5000;5000;2054;-1
bffca82f727a752539ecc17f265f51a6;satcoin-genesis-SAT-64.cnf;SAT;5000;5000;8;5000;5;696;5000;3735;5000;5000;4540;1665;5000;4657;37;41
c9b9588a9b9fb857947444ce61417945;ex179_11.cnf;UNKNOWN;5000;5000;5000;5000;5000;5000;5000;5000;5000;5000;5000;5000;5000;5000;5000;-1
d83568dc1c3a043d873555bf4b3237c7;CNP-5-500.cnf;SAT;5000;5000;710;5000;733;5000;5000;5000;5000;5000;5000;5000;5000;5000;5000;-1
38ba166b9c13aae018bcd21598fe03b2;CNP-5-600.cnf;SAT;5000;5000;1200;5000;1069;5000;5000;5000;5000;5000;5000;5000;5000;5000;5000;-1
7ff9d98c30bb88144564d752fa0303e4;pals_lcr-var-start-time.5_true-unreach-call.ufo.UNBOUNDED.pals.c.cnf;UNSAT;170;299;5000;288;5000;316;472;496;415;395;435;1113;404;442;571;-1
c40f0e583e449c852b146a7dadb965ef;T122.2.0.cnf;UNSAT;3374;4487;5000;3973;5000;4398;3801;3912;3943;4024;3936;3137;3759;5000;5000;-1
97b642810220f601ff0dc38b5a906871;CNP-5-300.cnf;UNKNOWN;5000;5000;5000;5000;5000;5000;5000;5000;5000;5000;5000;5000;5000;5000;5000;-1
d2b50b0811eed64542be57da9efb09a8;10-3-13.cnf;UNKNOWN;5000;5000;5000;5000;5000;5000;5000;5000;5000;5000;5000;5000;5000;5000;5000;-1
4829ec5fe41849087de8f0b3adc067c9;CNP-5-200.cnf;SAT;4460;5000;5000;5000;5000;5000;5000;3079;5000;5000;5000;5000;5000;5000;5000;-1
6104a69f71997e5e051b1e6df92be5b4;CNP-5-1500.cnf;SAT;52;1788;347;1796;381;5000;5000;5000;5000;5000;5000;5000;5000;5000;2015;-1
c87bd35caf36518150c135438d5ce339;apn-sbox5-cut5-symmbreak.cnf;UNKNOWN;5000;5000;5000;5000;5000;5000;5000;5000;5000;5000;5000;5000;5000;5000;5000;-1
868605c823e11ad0f926dc99f1f5fb05;course_flat_0.16_2018_3.cnf;UNKNOWN;5000;5000;5000;5000;5000;5000;5000;5000;5000;5000;5000;5000;5000;5000;5000;-1
2346b95a7861998d8c211af57773cf75;ecarev-110-1031-23-40-3.cnf;UNSAT;311;604;780;608;804;836;1100;729;1107;804;845;560;767;885;644;-1
a2755e35c41532bfa314092ec8fccb4f;CNP-5-0.cnf;UNKNOWN;5000;5000;5000;5000;5000;5000;5000;5000;5000;5000;5000;5000;5000;5000;5000;-1
c8ab0bbbe335700ae96a1e80a511830c;si2-b06m-m1000-03.cnf;SAT;247;163;173;171;164;180;164;163;175;164;163;210;162;168;8;-1
626ef169f4b77ac3d4c0177fef4f1792;course0.12_2018_3_3.cnf;UNKNOWN;5000;5000;5000;5000;5000;5000;5000;5000;5000;5000;5000;5000;5000;5000;5000;-1
eca745e78ca19083aec8f4224ad09ca8;less-cy-caa.rules.4-9.cnf;UNKNOWN;5000;5000;5000;5000;5000;5000;5000;5000;5000;5000;5000;5000;5000;5000;5000;-1
44a2542823e81bc5e406df8dcba99410;cms-scheel-md5-families-r24-c4-p1-3-4-16.cnf;SAT;456;2244;2717;2147;2411;1599;1299;2019;1331;1520;1472;3313;1620;1680;628;-1
fc042d6e615920537630166e1d7fe5d5;a_rphp065_04.cnf;UNSAT;1034;1897;5000;1929;5000;2340;2366;2365;2286;2307;2114;4912;2356;2300;2160;-1
1ee6c679322be30e44d7b91a13b76ea9;ecarev-110-1031-23-40-6.cnf;SAT;2117;5000;5000;5000;5000;5000;4770;4974;4780;3193;3632;5000;3113;3854;5000;-1
e2c6b203996bd9221c0514bbe2097bbf;Problem14_label48_true-unreach-call.c.cnf;UNSAT;205;5000;5000;5000;5000;5000;5000;5000;5000;5000;5000;304;5000;5000;274;-1
3c3fa8682e20d30eef7436bc774566be;course0.2_2018_3.cnf;SAT;1455;5000;5000;5000;5000;5000;5000;5000;5000;5000;5000;5000;5000;5000;5000;-1
5d847225f89af636422b95b54fa66db1;cms-scheel-md4-families-r24-c6-p1-9-13-16-18-19.cnf;UNKNOWN;5000;5000;5000;5000;5000;5000;5000;5000;5000;5000;5000;5000;5000;5000;5000;-1
1a83c123fbb08af57203fa990a53398a;ex065_24.cnf;UNKNOWN;5000;5000;5000;5000;5000;5000;5000;5000;5000;5000;5000;5000;5000;5000;5000;-1
5380f8920a151fd22fc2885a2713ca32;apn-sbox5-cut3-symmbreak.cnf;UNKNOWN;5000;5000;5000;5000;5000;5000;5000;5000;5000;5000;5000;5000;5000;5000;5000;-1
7da8eb61cf8f847e999f506879f445e3;courses0.2_2017_9.cnf;SAT;5000;5000;1811;5000;5000;5000;5000;5000;5000;5000;5000;5000;5000;5000;5000;-1
d520521cbd9a0f2eaec443f82d2efa45;satcoin-genesis-SAT-128.cnf;SAT;5000;4495;42;4364;36;1310;5000;5000;5000;5000;3393;5000;5000;3576;34;-1
0f7745284e6609ea7ab93f0bb3d4e27b;uniqinv40prop.cnf;UNKNOWN;5000;5000;5000;5000;5000;5000;5000;5000;5000;5000;5000;5000;5000;5000;5000;-1
4506f56d227a7d712001b5bdb4c4ba9a;20180322_164226378_p_cnf_320_1120.cnf;UNKNOWN;5000;5000;5000;5000;5000;5000;5000;5000;5000;5000;5000;5000;5000;5000;5000;-1
e544183b01b5e83218a5bdc00e70c3ef;frb35-17-5_ext.cnf;SAT;161;93;85;88;96;72;55;259;55;52;51;269;53;59;266;134
01fc1cc7cc851ced9b38006aa2e75a8a;sted1_0x24204-380.cnf;UNKNOWN;5000;5000;5000;5000;5000;5000;5000;5000;5000;5000;5000;5000;5000;5000;5000;5000
6b70839c8447b720115326e1ff6f5f55;10-4-10.cnf;UNKNOWN;5000;5000;5000;5000;5000;5000;5000;5000;5000;5000;5000;5000;5000;5000;5000;-1
7102599487d8270727fd407449a495ea;7-4-7.cnf;UNKNOWN;5000;5000;5000;5000;5000;5000;5000;5000;5000;5000;5000;5000;5000;5000;5000;-1
c14160ffe4978ed8999a99a86e9a0868;le450_15c.col.15.cnf;UNKNOWN;5000;5000;5000;5000;5000;5000;5000;5000;5000;5000;5000;5000;5000;5000;5000;-1
8291ae40a0db4bc303a606b05d3bc7d5;satcoin-genesis-SAT-10.cnf;SAT;5000;6;6;5;6;5;5;5;5;5;6;47;5;5;6;-1
869cb9e3fe4ec4e5dbd512a853492bed;apn-sbox6-cut5-helpbox29.cnf;SAT;5000;617;695;578;645;947;3460;5000;3294;5000;5000;2909;5000;5000;5000;-1
2cdea475399ec8d12b6b64bbf2239d39;factoring87654321x12345678.cnf;SAT;1128;514;3889;503;3922;235;653;456;602;566;443;3111;569;497;530;-1
1888d05a7d675893540e77465331605a;sted5_0x24204-50.cnf;SAT;60;365;4275;384;4276;90;456;38;442;79;135;4244;89;148;8;327
876f7c1084de922940da856445b7a9c2;gto_p60c235.cnf;UNSAT;2181;980;1837;1016;1789;1184;1308;692;1192;1151;1250;2441;1157;1381;860;-1
e1d047512d402f8867873d38eb704389;satcoin-genesis-SAT-2048.cnf;SAT;5000;5000;961;5000;881;5000;5000;2057;5000;4678;5000;5000;4771;5000;5000;-1
b515d180c2bb9bb26c2937a1f7a477d1;cms-scheel-md4-families-r24-c5-p0-5-11-13-18.cnf;SAT;5000;5000;4377;5000;4511;5000;5000;5000;5000;5000;5000;5000;5000;5000;5000;-1
f888ef68d9e9365ec285a608ec33f9b0;sted1_0x24204-350.cnf;UNKNOWN;5000;5000;5000;5000;5000;5000;5000;5000;5000;5000;5000;5000;5000;5000;5000;-1
71d1d27b41b6f4104192f3c7bd2c8dc8;apn-sbox6-cut5-helpbox26.cnf;UNKNOWN;5000;5000;5000;5000;5000;5000;5000;5000;5000;5000;5000;5000;5000;5000;5000;-1
a6d950c59f6ace57669956b0673c5f9e;satcoin-genesis-SAT-4.cnf;SAT;5000;5;5;5;5;5;5;5;5;5;5;5000;5;5;6;-1
192165aaeb4ab853cbf947ec8860b1d4;courses0.12_2017_9.cnf;UNKNOWN;5000;5000;5000;5000;5000;5000;5000;5000;5000;5000;5000;5000;5000;5000;5000;-1
b0ab9d6c79c9d90fbec852e4bd534542;uniqinv20prop.cnf;UNSAT;968;5000;5000;5000;5000;5000;5000;5000;5000;5000;5000;5000;5000;5000;5000;-1
d54557514e71dc473cac5e7f7e64ecd0;ex177_13.cnf;UNKNOWN;5000;5000;5000;5000;5000;5000;5000;5000;5000;5000;5000;5000;5000;5000;5000;-1
e587e6a56fd12d4c4ff7dd8cda25cb3c;T86.2.0.cnf;UNSAT;1797;4877;5000;3854;5000;3802;4178;4496;4070;4223;4078;2064;4481;4932;1687;-1
78ba535e0fe3231fa505a0e8ef410de1;e_rphp065_04.cnf;UNSAT;1071;1851;5000;1849;5000;1896;1497;1946;1568;1644;1819;3938;1550;2084;1887;-1
5e3f2738c3aee1e2b827d7733c43b9f3;cz-3-7-7.cnf;UNSAT;3324;4141;5000;3808;5000;3904;4151;4279;4024;4117;3945;5000;4760;4188;5000;-1
ace7938d1df5788beba78ccfff1faf01;Nb39T6.cnf;UNSAT;1763;5000;5000;4786;5000;5000;5000;4915;5000;4990;4870;3969;5000;5000;5000;-1
7172b973f40a3328d53b0a6439f76835;queen14_14.col.14.cnf;UNKNOWN;5000;5000;5000;5000;5000;5000;5000;5000;5000;5000;5000;5000;5000;5000;5000;-1
4f95f1ec4850bc67965c2983454930fb;factoring94418953x321534781.cnf;SAT;5000;5000;3010;5000;2807;5000;5000;5000;5000;5000;5000;5000;5000;5000;5000;-1
70eac53f4d8ed50b9c3aba557d9756de;cannonball-opt-y.rules.4-10.cnf;UNKNOWN;5000;5000;5000;5000;5000;5000;5000;5000;5000;5000;5000;5000;5000;5000;5000;-1
1c826aef02bb79c59d8d198b826d47eb;magicSquare-8_glb.cnf;SAT;616;1989;62;1804;66;253;676;795;652;1746;731;1797;1734;777;396;-1
403f7bbe8ec2dae7a59bacc2e519d6f4;TimetableCNFEncoding_4_UNKNOWN.cnf;UNKNOWN;5000;5000;5000;5000;5000;5000;5000;5000;5000;5000;5000;5000;5000;5000;5000;-1
ec58394fe0bb13c585a21a93fa7c20ed;cms-scheel-md4-families-r24-c6-p2-4-9-16-17-19.cnf;UNSAT;745;1015;265;1030;240;711;1381;335;1384;441;484;1938;457;532;136;-1
6f9a7266a766c95e4f2e8d933637212d;dist8.c.cnf;UNSAT;375;529;1999;514;1888;434;511;439;499;464;438;1399;468;456;5000;-1
e0d7a61367b33aed0632c945f0b7fa95;cms-scheel-md5-families-r24-c7-p1-3-6-10-11-14-15.cnf;UNSAT;3614;5000;1231;5000;1141;4613;5000;5000;5000;3455;3908;5000;3411;4375;1650;-1
ecb1e8e84b6dcb1ec2fdd6f07f3661db;filter_iir_true-unreach-call.c.cnf;UNSAT;1645;1995;5000;1839;5000;1890;1568;1731;1594;1669;1743;1594;1636;1940;902;-1
4e9aaa3d2e8a889b0c6c856d775b87b1;ecarev-110-1031-23-40-2.cnf;SAT;250;574;5000;569;5000;615;553;686;524;420;585;886;409;614;575;-1
52ba1bb1b56fa2a40b07433dbe13c46b;ae_rphp075_04.cnf;UNSAT;3535;5000;5000;5000;5000;5000;5000;5000;4887;4990;5000;5000;5000;5000;5000;-1
